{"level":"info","message":"::1 - - [04/Jun/2018:05:08:24 +0000] \"GET / HTTP/1.1\" 304 -\n","timestamp":"2018-06-04T05:08:24.742Z"}
{"level":"info","message":"::1 - - [04/Jun/2018:05:08:26 +0000] \"GET /favicon.ico HTTP/1.1\" 404 150\n","timestamp":"2018-06-04T05:08:26.516Z"}
{"level":"info","message":"::1 - - [04/Jun/2018:05:08:27 +0000] \"GET / HTTP/1.1\" 304 -\n","timestamp":"2018-06-04T05:08:27.892Z"}
{"level":"info","message":"::1 - - [04/Jun/2018:05:08:32 +0000] \"GET / HTTP/1.1\" 304 -\n","timestamp":"2018-06-04T05:08:32.882Z"}
{"level":"info","message":"::1 - - [04/Jun/2018:05:08:33 +0000] \"GET / HTTP/1.1\" 304 -\n","timestamp":"2018-06-04T05:08:33.829Z"}
{"level":"info","message":"::1 - - [04/Jun/2018:05:08:34 +0000] \"GET / HTTP/1.1\" 304 -\n","timestamp":"2018-06-04T05:08:34.752Z"}
{"level":"info","message":"::1 - - [04/Jun/2018:05:16:59 +0000] \"GET / HTTP/1.1\" 304 -\n","timestamp":"2018-06-04T05:16:59.038Z"}
{"level":"info","message":"::1 - - [04/Jun/2018:05:21:05 +0000] \"GET /apidoc/ HTTP/1.1\" 200 -\n","timestamp":"2018-06-04T05:21:05.016Z"}
{"level":"info","message":"::1 - - [04/Jun/2018:05:21:05 +0000] \"GET /apidoc/vendor/bootstrap.min.css HTTP/1.1\" 200 -\n","timestamp":"2018-06-04T05:21:05.103Z"}
{"level":"info","message":"::1 - - [04/Jun/2018:05:21:05 +0000] \"GET /apidoc/css/style.css HTTP/1.1\" 200 -\n","timestamp":"2018-06-04T05:21:05.115Z"}
{"level":"info","message":"::1 - - [04/Jun/2018:05:21:05 +0000] \"GET /apidoc/vendor/prettify.css HTTP/1.1\" 200 -\n","timestamp":"2018-06-04T05:21:05.143Z"}
{"level":"info","message":"::1 - - [04/Jun/2018:05:21:05 +0000] \"GET /apidoc/vendor/polyfill.js HTTP/1.1\" 200 -\n","timestamp":"2018-06-04T05:21:05.212Z"}
{"level":"info","message":"::1 - - [04/Jun/2018:05:21:05 +0000] \"GET /apidoc/vendor/require.min.js HTTP/1.1\" 200 -\n","timestamp":"2018-06-04T05:21:05.339Z"}
{"level":"info","message":"::1 - - [04/Jun/2018:05:21:05 +0000] \"GET /apidoc/main.js HTTP/1.1\" 200 -\n","timestamp":"2018-06-04T05:21:05.808Z"}
{"level":"info","message":"::1 - - [04/Jun/2018:05:21:06 +0000] \"GET /apidoc/vendor/jquery.min.js?v=1528089665882 HTTP/1.1\" 200 -\n","timestamp":"2018-06-04T05:21:06.033Z"}
{"level":"info","message":"::1 - - [04/Jun/2018:05:21:06 +0000] \"GET /apidoc/vendor/lodash.min.js?v=1528089665882 HTTP/1.1\" 200 -\n","timestamp":"2018-06-04T05:21:06.086Z"}
{"level":"info","message":"::1 - - [04/Jun/2018:05:21:06 +0000] \"GET /apidoc/api_data.js?v=1528089665882 HTTP/1.1\" 200 -\n","timestamp":"2018-06-04T05:21:06.094Z"}
{"level":"info","message":"::1 - - [04/Jun/2018:05:21:06 +0000] \"GET /apidoc/api_project.js?v=1528089665882 HTTP/1.1\" 200 359\n","timestamp":"2018-06-04T05:21:06.097Z"}
{"level":"info","message":"::1 - - [04/Jun/2018:05:21:06 +0000] \"GET /apidoc/locales/locale.js?v=1528089665882 HTTP/1.1\" 200 -\n","timestamp":"2018-06-04T05:21:06.100Z"}
{"level":"info","message":"::1 - - [04/Jun/2018:05:21:06 +0000] \"GET /apidoc/utils/send_sample_request.js?v=1528089665882 HTTP/1.1\" 200 -\n","timestamp":"2018-06-04T05:21:06.116Z"}
{"level":"info","message":"::1 - - [04/Jun/2018:05:21:06 +0000] \"GET /apidoc/vendor/semver.min.js?v=1528089665882 HTTP/1.1\" 200 -\n","timestamp":"2018-06-04T05:21:06.134Z"}
{"level":"info","message":"::1 - - [04/Jun/2018:05:21:06 +0000] \"GET /apidoc/vendor/webfontloader.js?v=1528089665882 HTTP/1.1\" 200 -\n","timestamp":"2018-06-04T05:21:06.196Z"}
{"level":"info","message":"::1 - - [04/Jun/2018:05:21:06 +0000] \"GET /apidoc/vendor/path-to-regexp/index.js?v=1528089665882 HTTP/1.1\" 200 -\n","timestamp":"2018-06-04T05:21:06.204Z"}
{"level":"info","message":"::1 - - [04/Jun/2018:05:21:06 +0000] \"GET /apidoc/vendor/prettify/prettify.js?v=1528089665882 HTTP/1.1\" 200 -\n","timestamp":"2018-06-04T05:21:06.225Z"}
{"level":"info","message":"::1 - - [04/Jun/2018:05:21:06 +0000] \"GET /apidoc/locales/ca.js?v=1528089665882 HTTP/1.1\" 200 -\n","timestamp":"2018-06-04T05:21:06.233Z"}
{"level":"info","message":"::1 - - [04/Jun/2018:05:21:06 +0000] \"GET /apidoc/locales/de.js?v=1528089665882 HTTP/1.1\" 200 -\n","timestamp":"2018-06-04T05:21:06.239Z"}
{"level":"info","message":"::1 - - [04/Jun/2018:05:21:06 +0000] \"GET /apidoc/locales/es.js?v=1528089665882 HTTP/1.1\" 200 -\n","timestamp":"2018-06-04T05:21:06.268Z"}
{"level":"info","message":"::1 - - [04/Jun/2018:05:21:06 +0000] \"GET /apidoc/locales/fr.js?v=1528089665882 HTTP/1.1\" 200 -\n","timestamp":"2018-06-04T05:21:06.268Z"}
{"level":"info","message":"::1 - - [04/Jun/2018:05:21:06 +0000] \"GET /apidoc/locales/nl.js?v=1528089665882 HTTP/1.1\" 200 -\n","timestamp":"2018-06-04T05:21:06.301Z"}
{"level":"info","message":"::1 - - [04/Jun/2018:05:21:06 +0000] \"GET /apidoc/locales/pl.js?v=1528089665882 HTTP/1.1\" 200 -\n","timestamp":"2018-06-04T05:21:06.316Z"}
{"level":"info","message":"::1 - - [04/Jun/2018:05:21:06 +0000] \"GET /apidoc/locales/pt_br.js?v=1528089665882 HTTP/1.1\" 200 -\n","timestamp":"2018-06-04T05:21:06.318Z"}
{"level":"info","message":"::1 - - [04/Jun/2018:05:21:06 +0000] \"GET /apidoc/locales/ru.js?v=1528089665882 HTTP/1.1\" 200 -\n","timestamp":"2018-06-04T05:21:06.342Z"}
{"level":"info","message":"::1 - - [04/Jun/2018:05:21:06 +0000] \"GET /apidoc/locales/zh.js?v=1528089665882 HTTP/1.1\" 200 -\n","timestamp":"2018-06-04T05:21:06.343Z"}
{"level":"info","message":"::1 - - [04/Jun/2018:05:21:06 +0000] \"GET /apidoc/locales/zh_cn.js?v=1528089665882 HTTP/1.1\" 200 -\n","timestamp":"2018-06-04T05:21:06.344Z"}
{"level":"info","message":"::1 - - [04/Jun/2018:05:21:06 +0000] \"GET /apidoc/vendor/bootstrap.min.js?v=1528089665882 HTTP/1.1\" 200 -\n","timestamp":"2018-06-04T05:21:06.383Z"}
{"level":"info","message":"::1 - - [04/Jun/2018:05:21:06 +0000] \"GET /apidoc/vendor/handlebars.min.js?v=1528089665882 HTTP/1.1\" 200 -\n","timestamp":"2018-06-04T05:21:06.392Z"}
{"level":"info","message":"::1 - - [04/Jun/2018:05:21:06 +0000] \"GET /apidoc/utils/handlebars_helper.js?v=1528089665882 HTTP/1.1\" 200 -\n","timestamp":"2018-06-04T05:21:06.680Z"}
{"level":"info","message":"::1 - - [04/Jun/2018:05:21:06 +0000] \"GET /apidoc/vendor/diff_match_patch.min.js?v=1528089665882 HTTP/1.1\" 200 -\n","timestamp":"2018-06-04T05:21:06.722Z"}
{"level":"info","message":"::1 - - [04/Jun/2018:05:21:59 +0000] \"GET / HTTP/1.1\" 304 -\n","timestamp":"2018-06-04T05:21:59.463Z"}
{"level":"info","message":"::1 - - [04/Jun/2018:05:29:00 +0000] \"GET / HTTP/1.1\" 200 29\n","timestamp":"2018-06-04T05:29:00.652Z"}
{"level":"info","message":"::1 - - [04/Jun/2018:05:29:01 +0000] \"GET /favicon.ico HTTP/1.1\" 404 150\n","timestamp":"2018-06-04T05:29:01.152Z"}
{"level":"info","message":"::1 - - [04/Jun/2018:05:29:22 +0000] \"GET / HTTP/1.1\" 200 29\n","timestamp":"2018-06-04T05:29:22.186Z"}
{"level":"info","message":"::1 - - [04/Jun/2018:05:29:34 +0000] \"GET / HTTP/1.1\" 200 29\n","timestamp":"2018-06-04T05:29:34.297Z"}
{"level":"info","message":"::1 - - [04/Jun/2018:05:29:42 +0000] \"GET /apidoc/ HTTP/1.1\" 200 -\n","timestamp":"2018-06-04T05:29:42.383Z"}
{"level":"info","message":"::1 - - [04/Jun/2018:05:29:42 +0000] \"GET /apidoc/vendor/bootstrap.min.css HTTP/1.1\" 200 -\n","timestamp":"2018-06-04T05:29:42.485Z"}
{"level":"info","message":"::1 - - [04/Jun/2018:05:29:42 +0000] \"GET /apidoc/vendor/prettify.css HTTP/1.1\" 200 -\n","timestamp":"2018-06-04T05:29:42.676Z"}
{"level":"info","message":"::1 - - [04/Jun/2018:05:29:42 +0000] \"GET /apidoc/vendor/require.min.js HTTP/1.1\" 200 -\n","timestamp":"2018-06-04T05:29:42.692Z"}
{"level":"info","message":"::1 - - [04/Jun/2018:05:29:42 +0000] \"GET /apidoc/css/style.css HTTP/1.1\" 200 -\n","timestamp":"2018-06-04T05:29:42.701Z"}
{"level":"info","message":"::1 - - [04/Jun/2018:05:29:42 +0000] \"GET /apidoc/vendor/polyfill.js HTTP/1.1\" 200 -\n","timestamp":"2018-06-04T05:29:42.705Z"}
{"level":"info","message":"::1 - - [04/Jun/2018:05:29:43 +0000] \"GET /apidoc/main.js HTTP/1.1\" 200 -\n","timestamp":"2018-06-04T05:29:43.031Z"}
{"level":"info","message":"::1 - - [04/Jun/2018:05:29:43 +0000] \"GET /apidoc/vendor/jquery.min.js?v=1528090183045 HTTP/1.1\" 200 -\n","timestamp":"2018-06-04T05:29:43.102Z"}
{"level":"info","message":"::1 - - [04/Jun/2018:05:29:43 +0000] \"GET /apidoc/vendor/lodash.min.js?v=1528090183045 HTTP/1.1\" 200 -\n","timestamp":"2018-06-04T05:29:43.124Z"}
{"level":"info","message":"::1 - - [04/Jun/2018:05:29:43 +0000] \"GET /apidoc/locales/locale.js?v=1528090183045 HTTP/1.1\" 200 -\n","timestamp":"2018-06-04T05:29:43.136Z"}
{"level":"info","message":"::1 - - [04/Jun/2018:05:29:43 +0000] \"GET /apidoc/api_project.js?v=1528090183045 HTTP/1.1\" 200 359\n","timestamp":"2018-06-04T05:29:43.152Z"}
{"level":"info","message":"::1 - - [04/Jun/2018:05:29:43 +0000] \"GET /apidoc/api_data.js?v=1528090183045 HTTP/1.1\" 200 -\n","timestamp":"2018-06-04T05:29:43.172Z"}
{"level":"info","message":"::1 - - [04/Jun/2018:05:29:43 +0000] \"GET /apidoc/vendor/webfontloader.js?v=1528090183045 HTTP/1.1\" 200 -\n","timestamp":"2018-06-04T05:29:43.184Z"}
{"level":"info","message":"::1 - - [04/Jun/2018:05:29:43 +0000] \"GET /apidoc/utils/send_sample_request.js?v=1528090183045 HTTP/1.1\" 200 -\n","timestamp":"2018-06-04T05:29:43.189Z"}
{"level":"info","message":"::1 - - [04/Jun/2018:05:29:43 +0000] \"GET /apidoc/vendor/semver.min.js?v=1528090183045 HTTP/1.1\" 200 -\n","timestamp":"2018-06-04T05:29:43.190Z"}
{"level":"info","message":"::1 - - [04/Jun/2018:05:29:43 +0000] \"GET /apidoc/vendor/path-to-regexp/index.js?v=1528090183045 HTTP/1.1\" 200 -\n","timestamp":"2018-06-04T05:29:43.210Z"}
{"level":"info","message":"::1 - - [04/Jun/2018:05:29:43 +0000] \"GET /apidoc/vendor/prettify/prettify.js?v=1528090183045 HTTP/1.1\" 200 -\n","timestamp":"2018-06-04T05:29:43.222Z"}
{"level":"info","message":"::1 - - [04/Jun/2018:05:29:43 +0000] \"GET /apidoc/locales/ca.js?v=1528090183045 HTTP/1.1\" 200 -\n","timestamp":"2018-06-04T05:29:43.247Z"}
{"level":"info","message":"::1 - - [04/Jun/2018:05:29:43 +0000] \"GET /apidoc/locales/de.js?v=1528090183045 HTTP/1.1\" 200 -\n","timestamp":"2018-06-04T05:29:43.259Z"}
{"level":"info","message":"::1 - - [04/Jun/2018:05:29:43 +0000] \"GET /apidoc/locales/es.js?v=1528090183045 HTTP/1.1\" 200 -\n","timestamp":"2018-06-04T05:29:43.271Z"}
{"level":"info","message":"::1 - - [04/Jun/2018:05:29:43 +0000] \"GET /apidoc/locales/fr.js?v=1528090183045 HTTP/1.1\" 200 -\n","timestamp":"2018-06-04T05:29:43.296Z"}
{"level":"info","message":"::1 - - [04/Jun/2018:05:29:43 +0000] \"GET /apidoc/locales/nl.js?v=1528090183045 HTTP/1.1\" 200 -\n","timestamp":"2018-06-04T05:29:43.296Z"}
{"level":"info","message":"::1 - - [04/Jun/2018:05:29:43 +0000] \"GET /apidoc/locales/pl.js?v=1528090183045 HTTP/1.1\" 200 -\n","timestamp":"2018-06-04T05:29:43.305Z"}
{"level":"info","message":"::1 - - [04/Jun/2018:05:29:43 +0000] \"GET /apidoc/locales/pt_br.js?v=1528090183045 HTTP/1.1\" 200 -\n","timestamp":"2018-06-04T05:29:43.318Z"}
{"level":"info","message":"::1 - - [04/Jun/2018:05:29:43 +0000] \"GET /apidoc/locales/zh.js?v=1528090183045 HTTP/1.1\" 200 -\n","timestamp":"2018-06-04T05:29:43.330Z"}
{"level":"info","message":"::1 - - [04/Jun/2018:05:29:43 +0000] \"GET /apidoc/locales/ru.js?v=1528090183045 HTTP/1.1\" 200 -\n","timestamp":"2018-06-04T05:29:43.345Z"}
{"level":"info","message":"::1 - - [04/Jun/2018:05:29:43 +0000] \"GET /apidoc/locales/zh_cn.js?v=1528090183045 HTTP/1.1\" 200 -\n","timestamp":"2018-06-04T05:29:43.355Z"}
{"level":"info","message":"::1 - - [04/Jun/2018:05:29:43 +0000] \"GET /apidoc/vendor/bootstrap.min.js?v=1528090183045 HTTP/1.1\" 200 -\n","timestamp":"2018-06-04T05:29:43.374Z"}
{"level":"info","message":"::1 - - [04/Jun/2018:05:29:43 +0000] \"GET /apidoc/vendor/handlebars.min.js?v=1528090183045 HTTP/1.1\" 200 -\n","timestamp":"2018-06-04T05:29:43.411Z"}
{"level":"info","message":"::1 - - [04/Jun/2018:05:29:43 +0000] \"GET /apidoc/utils/handlebars_helper.js?v=1528090183045 HTTP/1.1\" 200 -\n","timestamp":"2018-06-04T05:29:43.491Z"}
{"level":"info","message":"::1 - - [04/Jun/2018:05:29:43 +0000] \"GET /apidoc/vendor/diff_match_patch.min.js?v=1528090183045 HTTP/1.1\" 200 -\n","timestamp":"2018-06-04T05:29:43.561Z"}
{"level":"info","message":"::1 - - [04/Jun/2018:05:29:43 +0000] \"GET /apidoc/img/favicon.ico HTTP/1.1\" 200 894\n","timestamp":"2018-06-04T05:29:43.579Z"}
{"level":"info","message":"::1 - - [04/Jun/2018:05:33:32 +0000] \"GET / HTTP/1.1\" 200 29\n","timestamp":"2018-06-04T05:33:32.008Z"}
{"level":"info","message":"::1 - - [04/Jun/2018:07:06:19 +0000] \"GET / HTTP/1.1\" 200 29\n","timestamp":"2018-06-04T07:06:19.835Z"}
{"level":"info","message":"::1 - - [04/Jun/2018:07:06:36 +0000] \"GET /users HTTP/1.1\" 404 144\n","timestamp":"2018-06-04T07:06:36.901Z"}
{"level":"info","message":"::1 - - [04/Jun/2018:07:10:31 +0000] \"GET / HTTP/1.1\" 200 29\n","timestamp":"2018-06-04T07:10:31.921Z"}
{"level":"info","message":"::1 - - [04/Jun/2018:07:13:02 +0000] \"GET /users HTTP/1.1\" 404 144\n","timestamp":"2018-06-04T07:13:02.886Z"}
{"level":"info","message":"::1 - - [04/Jun/2018:07:13:14 +0000] \"GET /users HTTP/1.1\" 404 144\n","timestamp":"2018-06-04T07:13:14.268Z"}
{"level":"info","message":"::1 - - [04/Jun/2018:07:13:23 +0000] \"GET /users HTTP/1.1\" 404 144\n","timestamp":"2018-06-04T07:13:23.866Z"}
{"level":"info","message":"::1 - - [04/Jun/2018:07:13:36 +0000] \"GET /users HTTP/1.1\" 404 144\n","timestamp":"2018-06-04T07:13:36.220Z"}
{"level":"info","message":"::1 - - [04/Jun/2018:07:16:23 +0000] \"GET /users HTTP/1.1\" 404 144\n","timestamp":"2018-06-04T07:16:23.741Z"}
{"level":"info","message":"::1 - - [04/Jun/2018:07:17:38 +0000] \"OPTIONS /users HTTP/1.1\" 204 -\n","timestamp":"2018-06-04T07:17:38.675Z"}
{"level":"info","message":"[Mon Jun 04 2018 04:17:38 GMT-0300 (BRT)] Executing (default): INSERT INTO `Users` (`id`,`name`,`password`,`email`,`updated_at`,`created_at`) VALUES (NULL,'test','$2b$10$isbxFV0uH.UEiytDxhO2IeKiDnwTTWrD316vgX/7Guka8D3.CoqaW','test@mail.net','2018-06-04 07:17:38.899 +00:00','2018-06-04 07:17:38.899 +00:00');","timestamp":"2018-06-04T07:17:38.907Z"}
{"level":"info","message":"::1 - - [04/Jun/2018:07:17:39 +0000] \"POST /users HTTP/1.1\" 200 238\n","timestamp":"2018-06-04T07:17:39.099Z"}
{"level":"info","message":"::1 - - [04/Jun/2018:07:18:23 +0000] \"OPTIONS /users HTTP/1.1\" 204 -\n","timestamp":"2018-06-04T07:18:23.901Z"}
{"level":"info","message":"[Mon Jun 04 2018 04:18:24 GMT-0300 (BRT)] Executing (default): INSERT INTO `Users` (`id`,`name`,`password`,`email`,`updated_at`,`created_at`) VALUES (NULL,'gabs','$2b$10$aR9qUGge3lGkWBKtC62AgeuuZ048/2ZB56KIk/2kShI6xzVCWUY8a','gabs@mail.net','2018-06-04 07:18:24.114 +00:00','2018-06-04 07:18:24.114 +00:00');","timestamp":"2018-06-04T07:18:24.122Z"}
{"level":"info","message":"::1 - - [04/Jun/2018:07:18:24 +0000] \"POST /users HTTP/1.1\" 200 238\n","timestamp":"2018-06-04T07:18:24.228Z"}
{"level":"info","message":"::1 - - [04/Jun/2018:07:18:39 +0000] \"OPTIONS /token HTTP/1.1\" 204 -\n","timestamp":"2018-06-04T07:18:39.981Z"}
{"level":"info","message":"[Mon Jun 04 2018 04:18:40 GMT-0300 (BRT)] Executing (default): SELECT `id`, `name`, `password`, `email`, `created_at`, `updated_at` FROM `Users` AS `Users` WHERE `Users`.`email` = 'gabs@mail.net' LIMIT 1;","timestamp":"2018-06-04T07:18:40.010Z"}
{"level":"info","message":"::1 - - [04/Jun/2018:07:18:40 +0000] \"POST /token HTTP/1.1\" 200 112\n","timestamp":"2018-06-04T07:18:40.154Z"}
{"level":"info","message":"::1 - - [04/Jun/2018:08:32:26 +0000] \"OPTIONS /token HTTP/1.1\" 204 -\n","timestamp":"2018-06-04T08:32:26.470Z"}
{"level":"info","message":"[Mon Jun 04 2018 05:32:26 GMT-0300 (BRT)] Executing (default): SELECT `id`, `name`, `password`, `email`, `created_at`, `updated_at` FROM `Users` AS `Users` WHERE `Users`.`email` = 'gabs@mail.net' LIMIT 1;","timestamp":"2018-06-04T08:32:26.504Z"}
{"level":"info","message":"::1 - - [04/Jun/2018:08:32:26 +0000] \"POST /token HTTP/1.1\" 200 112\n","timestamp":"2018-06-04T08:32:26.699Z"}
{"level":"info","message":"::1 - - [04/Jun/2018:08:33:12 +0000] \"OPTIONS /token HTTP/1.1\" 204 -\n","timestamp":"2018-06-04T08:33:12.566Z"}
{"level":"info","message":"[Mon Jun 04 2018 05:33:12 GMT-0300 (BRT)] Executing (default): SELECT `id`, `name`, `password`, `email`, `created_at`, `updated_at` FROM `Users` AS `Users` WHERE `Users`.`email` = 'gabs@mail.net' LIMIT 1;","timestamp":"2018-06-04T08:33:12.577Z"}
{"level":"info","message":"::1 - - [04/Jun/2018:08:33:12 +0000] \"POST /token HTTP/1.1\" 200 112\n","timestamp":"2018-06-04T08:33:12.726Z"}
{"level":"info","message":"::1 - - [04/Jun/2018:08:35:45 +0000] \"OPTIONS /token HTTP/1.1\" 204 -\n","timestamp":"2018-06-04T08:35:45.503Z"}
{"level":"info","message":"[Mon Jun 04 2018 05:35:45 GMT-0300 (BRT)] Executing (default): SELECT `id`, `name`, `password`, `email`, `created_at`, `updated_at` FROM `Users` AS `Users` WHERE `Users`.`email` = 'gabs@mail.net' LIMIT 1;","timestamp":"2018-06-04T08:35:45.532Z"}
{"level":"info","message":"::1 - - [04/Jun/2018:08:35:45 +0000] \"POST /token HTTP/1.1\" 200 112\n","timestamp":"2018-06-04T08:35:45.673Z"}
{"level":"info","message":"::1 - - [04/Jun/2018:08:39:59 +0000] \"OPTIONS /token HTTP/1.1\" 204 -\n","timestamp":"2018-06-04T08:39:59.581Z"}
{"level":"info","message":"[Mon Jun 04 2018 05:39:59 GMT-0300 (BRT)] Executing (default): SELECT `id`, `name`, `password`, `email`, `created_at`, `updated_at` FROM `Users` AS `Users` WHERE `Users`.`email` = 'gabs@mail.net' LIMIT 1;","timestamp":"2018-06-04T08:39:59.597Z"}
{"level":"info","message":"::1 - - [04/Jun/2018:08:39:59 +0000] \"POST /token HTTP/1.1\" 200 112\n","timestamp":"2018-06-04T08:39:59.749Z"}
{"level":"info","message":"::1 - - [04/Jun/2018:08:39:59 +0000] \"OPTIONS /tasks HTTP/1.1\" 204 -\n","timestamp":"2018-06-04T08:39:59.761Z"}
{"level":"info","message":"[Mon Jun 04 2018 05:39:59 GMT-0300 (BRT)] Executing (default): SELECT `id`, `name`, `password`, `email`, `created_at`, `updated_at` FROM `Users` AS `Users` WHERE `Users`.`id` = 82;","timestamp":"2018-06-04T08:39:59.791Z"}
{"level":"info","message":"[Mon Jun 04 2018 05:39:59 GMT-0300 (BRT)] Executing (default): SELECT `id`, `title`, `done`, `created_at`, `updated_at`, `user_id` FROM `Tasks` AS `Tasks` WHERE `Tasks`.`user_id` = 82;","timestamp":"2018-06-04T08:39:59.804Z"}
{"level":"info","message":"::1 - - [04/Jun/2018:08:39:59 +0000] \"GET /tasks HTTP/1.1\" 200 2\n","timestamp":"2018-06-04T08:39:59.829Z"}
{"level":"info","message":"::1 - - [04/Jun/2018:08:40:24 +0000] \"OPTIONS /tasks HTTP/1.1\" 204 -\n","timestamp":"2018-06-04T08:40:24.583Z"}
{"level":"info","message":"[Mon Jun 04 2018 05:40:24 GMT-0300 (BRT)] Executing (default): SELECT `id`, `name`, `password`, `email`, `created_at`, `updated_at` FROM `Users` AS `Users` WHERE `Users`.`id` = 82;","timestamp":"2018-06-04T08:40:24.620Z"}
{"level":"info","message":"[Mon Jun 04 2018 05:40:24 GMT-0300 (BRT)] Executing (default): SELECT `id`, `title`, `done`, `created_at`, `updated_at`, `user_id` FROM `Tasks` AS `Tasks` WHERE `Tasks`.`user_id` = 82;","timestamp":"2018-06-04T08:40:24.631Z"}
{"level":"info","message":"::1 - - [04/Jun/2018:08:40:24 +0000] \"GET /tasks HTTP/1.1\" 304 -\n","timestamp":"2018-06-04T08:40:24.636Z"}
{"level":"info","message":"::1 - - [04/Jun/2018:08:42:06 +0000] \"OPTIONS /token HTTP/1.1\" 204 -\n","timestamp":"2018-06-04T08:42:06.555Z"}
{"level":"info","message":"[Mon Jun 04 2018 05:42:06 GMT-0300 (BRT)] Executing (default): SELECT `id`, `name`, `password`, `email`, `created_at`, `updated_at` FROM `Users` AS `Users` WHERE `Users`.`email` = 'gabs@mail.net' LIMIT 1;","timestamp":"2018-06-04T08:42:06.709Z"}
{"level":"info","message":"::1 - - [04/Jun/2018:08:42:07 +0000] \"POST /token HTTP/1.1\" 200 112\n","timestamp":"2018-06-04T08:42:07.245Z"}
{"level":"info","message":"::1 - - [04/Jun/2018:08:42:07 +0000] \"OPTIONS /tasks HTTP/1.1\" 204 -\n","timestamp":"2018-06-04T08:42:07.746Z"}
{"level":"info","message":"[Mon Jun 04 2018 05:42:07 GMT-0300 (BRT)] Executing (default): SELECT `id`, `name`, `password`, `email`, `created_at`, `updated_at` FROM `Users` AS `Users` WHERE `Users`.`id` = 82;","timestamp":"2018-06-04T08:42:07.950Z"}
{"level":"info","message":"[Mon Jun 04 2018 05:42:07 GMT-0300 (BRT)] Executing (default): SELECT `id`, `title`, `done`, `created_at`, `updated_at`, `user_id` FROM `Tasks` AS `Tasks` WHERE `Tasks`.`user_id` = 82;","timestamp":"2018-06-04T08:42:07.953Z"}
{"level":"info","message":"::1 - - [04/Jun/2018:08:42:07 +0000] \"GET /tasks HTTP/1.1\" 200 2\n","timestamp":"2018-06-04T08:42:07.958Z"}
{"level":"info","message":"::1 - - [04/Jun/2018:08:42:12 +0000] \"OPTIONS /user HTTP/1.1\" 204 -\n","timestamp":"2018-06-04T08:42:12.290Z"}
{"level":"info","message":"[Mon Jun 04 2018 05:42:12 GMT-0300 (BRT)] Executing (default): SELECT `id`, `name`, `password`, `email`, `created_at`, `updated_at` FROM `Users` AS `Users` WHERE `Users`.`id` = 82;","timestamp":"2018-06-04T08:42:12.388Z"}
{"level":"info","message":"[Mon Jun 04 2018 05:42:12 GMT-0300 (BRT)] Executing (default): SELECT `id`, `name`, `email` FROM `Users` AS `Users` WHERE `Users`.`id` = 82;","timestamp":"2018-06-04T08:42:12.392Z"}
{"level":"info","message":"::1 - - [04/Jun/2018:08:42:12 +0000] \"GET /user HTTP/1.1\" 200 66\n","timestamp":"2018-06-04T08:42:12.395Z"}
{"level":"info","message":"::1 - - [04/Jun/2018:08:42:30 +0000] \"OPTIONS /token HTTP/1.1\" 204 -\n","timestamp":"2018-06-04T08:42:30.723Z"}
{"level":"info","message":"[Mon Jun 04 2018 05:42:30 GMT-0300 (BRT)] Executing (default): SELECT `id`, `name`, `password`, `email`, `created_at`, `updated_at` FROM `Users` AS `Users` WHERE `Users`.`email` = 'gabs@mail.net' LIMIT 1;","timestamp":"2018-06-04T08:42:30.790Z"}
{"level":"info","message":"::1 - - [04/Jun/2018:08:42:30 +0000] \"POST /token HTTP/1.1\" 200 112\n","timestamp":"2018-06-04T08:42:30.942Z"}
{"level":"info","message":"::1 - - [04/Jun/2018:08:42:30 +0000] \"OPTIONS /tasks HTTP/1.1\" 204 -\n","timestamp":"2018-06-04T08:42:30.950Z"}
{"level":"info","message":"[Mon Jun 04 2018 05:42:30 GMT-0300 (BRT)] Executing (default): SELECT `id`, `name`, `password`, `email`, `created_at`, `updated_at` FROM `Users` AS `Users` WHERE `Users`.`id` = 82;","timestamp":"2018-06-04T08:42:30.972Z"}
{"level":"info","message":"[Mon Jun 04 2018 05:42:30 GMT-0300 (BRT)] Executing (default): SELECT `id`, `title`, `done`, `created_at`, `updated_at`, `user_id` FROM `Tasks` AS `Tasks` WHERE `Tasks`.`user_id` = 82;","timestamp":"2018-06-04T08:42:30.976Z"}
{"level":"info","message":"::1 - - [04/Jun/2018:08:42:30 +0000] \"GET /tasks HTTP/1.1\" 304 -\n","timestamp":"2018-06-04T08:42:30.978Z"}
{"level":"info","message":"::1 - - [04/Jun/2018:08:46:25 +0000] \"OPTIONS /token HTTP/1.1\" 204 -\n","timestamp":"2018-06-04T08:46:25.580Z"}
{"level":"info","message":"[Mon Jun 04 2018 05:46:25 GMT-0300 (BRT)] Executing (default): SELECT `id`, `name`, `password`, `email`, `created_at`, `updated_at` FROM `Users` AS `Users` WHERE `Users`.`email` = 'gabs@mail.net' LIMIT 1;","timestamp":"2018-06-04T08:46:25.603Z"}
{"level":"info","message":"::1 - - [04/Jun/2018:08:46:25 +0000] \"POST /token HTTP/1.1\" 200 112\n","timestamp":"2018-06-04T08:46:25.739Z"}
{"level":"info","message":"::1 - - [04/Jun/2018:08:46:25 +0000] \"OPTIONS /tasks HTTP/1.1\" 204 -\n","timestamp":"2018-06-04T08:46:25.760Z"}
{"level":"info","message":"[Mon Jun 04 2018 05:46:25 GMT-0300 (BRT)] Executing (default): SELECT `id`, `name`, `password`, `email`, `created_at`, `updated_at` FROM `Users` AS `Users` WHERE `Users`.`id` = 82;","timestamp":"2018-06-04T08:46:25.771Z"}
{"level":"info","message":"[Mon Jun 04 2018 05:46:25 GMT-0300 (BRT)] Executing (default): SELECT `id`, `title`, `done`, `created_at`, `updated_at`, `user_id` FROM `Tasks` AS `Tasks` WHERE `Tasks`.`user_id` = 82;","timestamp":"2018-06-04T08:46:25.776Z"}
{"level":"info","message":"::1 - - [04/Jun/2018:08:46:25 +0000] \"GET /tasks HTTP/1.1\" 200 2\n","timestamp":"2018-06-04T08:46:25.779Z"}
{"level":"info","message":"::1 - - [04/Jun/2018:08:48:33 +0000] \"OPTIONS /token HTTP/1.1\" 204 -\n","timestamp":"2018-06-04T08:48:33.415Z"}
{"level":"info","message":"[Mon Jun 04 2018 05:48:33 GMT-0300 (BRT)] Executing (default): SELECT `id`, `name`, `password`, `email`, `created_at`, `updated_at` FROM `Users` AS `Users` WHERE `Users`.`email` = 'gabs@mail.net' LIMIT 1;","timestamp":"2018-06-04T08:48:33.633Z"}
{"level":"info","message":"::1 - - [04/Jun/2018:08:48:33 +0000] \"POST /token HTTP/1.1\" 200 112\n","timestamp":"2018-06-04T08:48:33.746Z"}
{"level":"info","message":"::1 - - [04/Jun/2018:08:48:33 +0000] \"OPTIONS /tasks HTTP/1.1\" 204 -\n","timestamp":"2018-06-04T08:48:33.886Z"}
{"level":"info","message":"[Mon Jun 04 2018 05:48:34 GMT-0300 (BRT)] Executing (default): SELECT `id`, `name`, `password`, `email`, `created_at`, `updated_at` FROM `Users` AS `Users` WHERE `Users`.`id` = 82;","timestamp":"2018-06-04T08:48:34.037Z"}
{"level":"info","message":"[Mon Jun 04 2018 05:48:34 GMT-0300 (BRT)] Executing (default): SELECT `id`, `title`, `done`, `created_at`, `updated_at`, `user_id` FROM `Tasks` AS `Tasks` WHERE `Tasks`.`user_id` = 82;","timestamp":"2018-06-04T08:48:34.039Z"}
{"level":"info","message":"::1 - - [04/Jun/2018:08:48:34 +0000] \"GET /tasks HTTP/1.1\" 200 2\n","timestamp":"2018-06-04T08:48:34.042Z"}
{"level":"info","message":"::1 - - [04/Jun/2018:08:48:41 +0000] \"OPTIONS /tasks HTTP/1.1\" 204 -\n","timestamp":"2018-06-04T08:48:41.249Z"}
{"level":"info","message":"[Mon Jun 04 2018 05:48:41 GMT-0300 (BRT)] Executing (default): SELECT `id`, `name`, `password`, `email`, `created_at`, `updated_at` FROM `Users` AS `Users` WHERE `Users`.`id` = 82;","timestamp":"2018-06-04T08:48:41.390Z"}
{"level":"info","message":"[Mon Jun 04 2018 05:48:41 GMT-0300 (BRT)] Executing (default): INSERT INTO `Tasks` (`id`,`title`,`done`,`user_id`,`updated_at`,`created_at`) VALUES (NULL,'Teste',0,82,'2018-06-04 08:48:41.395 +00:00','2018-06-04 08:48:41.395 +00:00');","timestamp":"2018-06-04T08:48:41.397Z"}
{"level":"info","message":"::1 - - [04/Jun/2018:08:48:41 +0000] \"POST /tasks HTTP/1.1\" 200 168\n","timestamp":"2018-06-04T08:48:41.630Z"}
{"level":"info","message":"[Mon Jun 04 2018 05:48:41 GMT-0300 (BRT)] Executing (default): SELECT `id`, `name`, `password`, `email`, `created_at`, `updated_at` FROM `Users` AS `Users` WHERE `Users`.`id` = 82;","timestamp":"2018-06-04T08:48:41.768Z"}
{"level":"info","message":"[Mon Jun 04 2018 05:48:41 GMT-0300 (BRT)] Executing (default): SELECT `id`, `title`, `done`, `created_at`, `updated_at`, `user_id` FROM `Tasks` AS `Tasks` WHERE `Tasks`.`user_id` = 82;","timestamp":"2018-06-04T08:48:41.771Z"}
{"level":"info","message":"::1 - - [04/Jun/2018:08:48:41 +0000] \"GET /tasks HTTP/1.1\" 200 204\n","timestamp":"2018-06-04T08:48:41.774Z"}
{"level":"info","message":"::1 - - [04/Jun/2018:08:48:46 +0000] \"OPTIONS /tasks/20 HTTP/1.1\" 204 -\n","timestamp":"2018-06-04T08:48:46.891Z"}
{"level":"info","message":"[Mon Jun 04 2018 05:48:46 GMT-0300 (BRT)] Executing (default): SELECT `id`, `name`, `password`, `email`, `created_at`, `updated_at` FROM `Users` AS `Users` WHERE `Users`.`id` = 82;","timestamp":"2018-06-04T08:48:46.911Z"}
{"level":"info","message":"[Mon Jun 04 2018 05:48:46 GMT-0300 (BRT)] Executing (default): DELETE FROM `Tasks` WHERE `id` = '20' AND `user_id` = 82","timestamp":"2018-06-04T08:48:46.919Z"}
{"level":"info","message":"::1 - - [04/Jun/2018:08:48:47 +0000] \"DELETE /tasks/20 HTTP/1.1\" 204 -\n","timestamp":"2018-06-04T08:48:47.055Z"}
{"level":"info","message":"::1 - - [04/Jun/2018:08:48:47 +0000] \"OPTIONS /tasks HTTP/1.1\" 204 -\n","timestamp":"2018-06-04T08:48:47.062Z"}
{"level":"info","message":"[Mon Jun 04 2018 05:48:47 GMT-0300 (BRT)] Executing (default): SELECT `id`, `name`, `password`, `email`, `created_at`, `updated_at` FROM `Users` AS `Users` WHERE `Users`.`id` = 82;","timestamp":"2018-06-04T08:48:47.069Z"}
{"level":"info","message":"[Mon Jun 04 2018 05:48:47 GMT-0300 (BRT)] Executing (default): SELECT `id`, `title`, `done`, `created_at`, `updated_at`, `user_id` FROM `Tasks` AS `Tasks` WHERE `Tasks`.`user_id` = 82;","timestamp":"2018-06-04T08:48:47.072Z"}
{"level":"info","message":"::1 - - [04/Jun/2018:08:48:47 +0000] \"GET /tasks HTTP/1.1\" 200 2\n","timestamp":"2018-06-04T08:48:47.074Z"}
{"level":"info","message":"[Mon Jun 04 2018 05:48:51 GMT-0300 (BRT)] Executing (default): SELECT `id`, `name`, `password`, `email`, `created_at`, `updated_at` FROM `Users` AS `Users` WHERE `Users`.`id` = 82;","timestamp":"2018-06-04T08:48:51.124Z"}
{"level":"info","message":"[Mon Jun 04 2018 05:48:51 GMT-0300 (BRT)] Executing (default): INSERT INTO `Tasks` (`id`,`title`,`done`,`user_id`,`updated_at`,`created_at`) VALUES (NULL,'Teste',0,82,'2018-06-04 08:48:51.130 +00:00','2018-06-04 08:48:51.130 +00:00');","timestamp":"2018-06-04T08:48:51.133Z"}
{"level":"info","message":"::1 - - [04/Jun/2018:08:48:51 +0000] \"POST /tasks HTTP/1.1\" 200 168\n","timestamp":"2018-06-04T08:48:51.274Z"}
{"level":"info","message":"[Mon Jun 04 2018 05:48:51 GMT-0300 (BRT)] Executing (default): SELECT `id`, `name`, `password`, `email`, `created_at`, `updated_at` FROM `Users` AS `Users` WHERE `Users`.`id` = 82;","timestamp":"2018-06-04T08:48:51.291Z"}
{"level":"info","message":"[Mon Jun 04 2018 05:48:51 GMT-0300 (BRT)] Executing (default): SELECT `id`, `title`, `done`, `created_at`, `updated_at`, `user_id` FROM `Tasks` AS `Tasks` WHERE `Tasks`.`user_id` = 82;","timestamp":"2018-06-04T08:48:51.295Z"}
{"level":"info","message":"::1 - - [04/Jun/2018:08:48:51 +0000] \"GET /tasks HTTP/1.1\" 200 204\n","timestamp":"2018-06-04T08:48:51.298Z"}
{"level":"info","message":"::1 - - [04/Jun/2018:08:48:52 +0000] \"OPTIONS /tasks/21 HTTP/1.1\" 204 -\n","timestamp":"2018-06-04T08:48:52.378Z"}
{"level":"info","message":"[Mon Jun 04 2018 05:48:52 GMT-0300 (BRT)] Executing (default): SELECT `id`, `name`, `password`, `email`, `created_at`, `updated_at` FROM `Users` AS `Users` WHERE `Users`.`id` = 82;","timestamp":"2018-06-04T08:48:52.424Z"}
{"level":"info","message":"[Mon Jun 04 2018 05:48:52 GMT-0300 (BRT)] Executing (default): UPDATE `Tasks` SET `done`=1,`updated_at`='2018-06-04 08:48:52.429 +00:00' WHERE `id` = '21' AND `user_id` = 82","timestamp":"2018-06-04T08:48:52.437Z"}
{"level":"info","message":"::1 - - [04/Jun/2018:08:48:52 +0000] \"PUT /tasks/21 HTTP/1.1\" 204 -\n","timestamp":"2018-06-04T08:48:52.569Z"}
{"level":"info","message":"::1 - - [04/Jun/2018:08:48:52 +0000] \"OPTIONS /tasks HTTP/1.1\" 204 -\n","timestamp":"2018-06-04T08:48:52.580Z"}
{"level":"info","message":"[Mon Jun 04 2018 05:48:52 GMT-0300 (BRT)] Executing (default): SELECT `id`, `name`, `password`, `email`, `created_at`, `updated_at` FROM `Users` AS `Users` WHERE `Users`.`id` = 82;","timestamp":"2018-06-04T08:48:52.595Z"}
{"level":"info","message":"[Mon Jun 04 2018 05:48:52 GMT-0300 (BRT)] Executing (default): SELECT `id`, `title`, `done`, `created_at`, `updated_at`, `user_id` FROM `Tasks` AS `Tasks` WHERE `Tasks`.`user_id` = 82;","timestamp":"2018-06-04T08:48:52.598Z"}
{"level":"info","message":"::1 - - [04/Jun/2018:08:48:52 +0000] \"GET /tasks HTTP/1.1\" 200 203\n","timestamp":"2018-06-04T08:48:52.601Z"}
{"level":"info","message":"::1 - - [04/Jun/2018:08:48:57 +0000] \"OPTIONS /tasks HTTP/1.1\" 204 -\n","timestamp":"2018-06-04T08:48:57.990Z"}
{"level":"info","message":"[Mon Jun 04 2018 05:48:58 GMT-0300 (BRT)] Executing (default): SELECT `id`, `name`, `password`, `email`, `created_at`, `updated_at` FROM `Users` AS `Users` WHERE `Users`.`id` = 82;","timestamp":"2018-06-04T08:48:58.004Z"}
{"level":"info","message":"[Mon Jun 04 2018 05:48:58 GMT-0300 (BRT)] Executing (default): INSERT INTO `Tasks` (`id`,`title`,`done`,`user_id`,`updated_at`,`created_at`) VALUES (NULL,'TEste',0,82,'2018-06-04 08:48:58.009 +00:00','2018-06-04 08:48:58.009 +00:00');","timestamp":"2018-06-04T08:48:58.011Z"}
{"level":"info","message":"::1 - - [04/Jun/2018:08:48:58 +0000] \"POST /tasks HTTP/1.1\" 200 168\n","timestamp":"2018-06-04T08:48:58.113Z"}
{"level":"info","message":"[Mon Jun 04 2018 05:48:58 GMT-0300 (BRT)] Executing (default): SELECT `id`, `name`, `password`, `email`, `created_at`, `updated_at` FROM `Users` AS `Users` WHERE `Users`.`id` = 82;","timestamp":"2018-06-04T08:48:58.123Z"}
{"level":"info","message":"[Mon Jun 04 2018 05:48:58 GMT-0300 (BRT)] Executing (default): SELECT `id`, `title`, `done`, `created_at`, `updated_at`, `user_id` FROM `Tasks` AS `Tasks` WHERE `Tasks`.`user_id` = 82;","timestamp":"2018-06-04T08:48:58.130Z"}
{"level":"info","message":"::1 - - [04/Jun/2018:08:48:58 +0000] \"GET /tasks HTTP/1.1\" 200 405\n","timestamp":"2018-06-04T08:48:58.134Z"}
{"level":"info","message":"::1 - - [04/Jun/2018:08:48:59 +0000] \"OPTIONS /tasks/22 HTTP/1.1\" 204 -\n","timestamp":"2018-06-04T08:48:59.620Z"}
{"level":"info","message":"[Mon Jun 04 2018 05:48:59 GMT-0300 (BRT)] Executing (default): SELECT `id`, `name`, `password`, `email`, `created_at`, `updated_at` FROM `Users` AS `Users` WHERE `Users`.`id` = 82;","timestamp":"2018-06-04T08:48:59.636Z"}
{"level":"info","message":"[Mon Jun 04 2018 05:48:59 GMT-0300 (BRT)] Executing (default): UPDATE `Tasks` SET `done`=1,`updated_at`='2018-06-04 08:48:59.641 +00:00' WHERE `id` = '22' AND `user_id` = 82","timestamp":"2018-06-04T08:48:59.655Z"}
{"level":"info","message":"::1 - - [04/Jun/2018:08:48:59 +0000] \"PUT /tasks/22 HTTP/1.1\" 204 -\n","timestamp":"2018-06-04T08:48:59.775Z"}
{"level":"info","message":"[Mon Jun 04 2018 05:48:59 GMT-0300 (BRT)] Executing (default): SELECT `id`, `name`, `password`, `email`, `created_at`, `updated_at` FROM `Users` AS `Users` WHERE `Users`.`id` = 82;","timestamp":"2018-06-04T08:48:59.786Z"}
{"level":"info","message":"[Mon Jun 04 2018 05:48:59 GMT-0300 (BRT)] Executing (default): SELECT `id`, `title`, `done`, `created_at`, `updated_at`, `user_id` FROM `Tasks` AS `Tasks` WHERE `Tasks`.`user_id` = 82;","timestamp":"2018-06-04T08:48:59.792Z"}
{"level":"info","message":"::1 - - [04/Jun/2018:08:48:59 +0000] \"GET /tasks HTTP/1.1\" 200 404\n","timestamp":"2018-06-04T08:48:59.796Z"}
{"level":"info","message":"[Mon Jun 04 2018 05:49:01 GMT-0300 (BRT)] Executing (default): SELECT `id`, `name`, `password`, `email`, `created_at`, `updated_at` FROM `Users` AS `Users` WHERE `Users`.`id` = 82;","timestamp":"2018-06-04T08:49:01.808Z"}
{"level":"info","message":"[Mon Jun 04 2018 05:49:01 GMT-0300 (BRT)] Executing (default): DELETE FROM `Tasks` WHERE `id` = '22' AND `user_id` = 82","timestamp":"2018-06-04T08:49:01.815Z"}
{"level":"info","message":"::1 - - [04/Jun/2018:08:49:01 +0000] \"DELETE /tasks/22 HTTP/1.1\" 204 -\n","timestamp":"2018-06-04T08:49:01.966Z"}
{"level":"info","message":"[Mon Jun 04 2018 05:49:01 GMT-0300 (BRT)] Executing (default): SELECT `id`, `name`, `password`, `email`, `created_at`, `updated_at` FROM `Users` AS `Users` WHERE `Users`.`id` = 82;","timestamp":"2018-06-04T08:49:01.977Z"}
{"level":"info","message":"[Mon Jun 04 2018 05:49:01 GMT-0300 (BRT)] Executing (default): SELECT `id`, `title`, `done`, `created_at`, `updated_at`, `user_id` FROM `Tasks` AS `Tasks` WHERE `Tasks`.`user_id` = 82;","timestamp":"2018-06-04T08:49:01.982Z"}
{"level":"info","message":"::1 - - [04/Jun/2018:08:49:01 +0000] \"GET /tasks HTTP/1.1\" 200 203\n","timestamp":"2018-06-04T08:49:01.986Z"}
{"level":"info","message":"::1 - - [04/Jun/2018:08:49:07 +0000] \"OPTIONS /user HTTP/1.1\" 204 -\n","timestamp":"2018-06-04T08:49:07.099Z"}
{"level":"info","message":"[Mon Jun 04 2018 05:49:07 GMT-0300 (BRT)] Executing (default): SELECT `id`, `name`, `password`, `email`, `created_at`, `updated_at` FROM `Users` AS `Users` WHERE `Users`.`id` = 82;","timestamp":"2018-06-04T08:49:07.113Z"}
{"level":"info","message":"[Mon Jun 04 2018 05:49:07 GMT-0300 (BRT)] Executing (default): SELECT `id`, `name`, `email` FROM `Users` AS `Users` WHERE `Users`.`id` = 82;","timestamp":"2018-06-04T08:49:07.120Z"}
{"level":"info","message":"::1 - - [04/Jun/2018:08:49:07 +0000] \"GET /user HTTP/1.1\" 200 66\n","timestamp":"2018-06-04T08:49:07.127Z"}
{"level":"info","message":"::1 - - [04/Jun/2018:08:49:10 +0000] \"OPTIONS /tasks HTTP/1.1\" 204 -\n","timestamp":"2018-06-04T08:49:10.013Z"}
{"level":"info","message":"[Mon Jun 04 2018 05:49:10 GMT-0300 (BRT)] Executing (default): SELECT `id`, `name`, `password`, `email`, `created_at`, `updated_at` FROM `Users` AS `Users` WHERE `Users`.`id` = 82;","timestamp":"2018-06-04T08:49:10.053Z"}
{"level":"info","message":"[Mon Jun 04 2018 05:49:10 GMT-0300 (BRT)] Executing (default): SELECT `id`, `title`, `done`, `created_at`, `updated_at`, `user_id` FROM `Tasks` AS `Tasks` WHERE `Tasks`.`user_id` = 82;","timestamp":"2018-06-04T08:49:10.057Z"}
{"level":"info","message":"::1 - - [04/Jun/2018:08:49:10 +0000] \"GET /tasks HTTP/1.1\" 304 -\n","timestamp":"2018-06-04T08:49:10.061Z"}
{"level":"info","message":"[Mon Jun 04 2018 05:49:11 GMT-0300 (BRT)] Executing (default): SELECT `id`, `name`, `password`, `email`, `created_at`, `updated_at` FROM `Users` AS `Users` WHERE `Users`.`id` = 82;","timestamp":"2018-06-04T08:49:11.590Z"}
{"level":"info","message":"[Mon Jun 04 2018 05:49:11 GMT-0300 (BRT)] Executing (default): SELECT `id`, `name`, `email` FROM `Users` AS `Users` WHERE `Users`.`id` = 82;","timestamp":"2018-06-04T08:49:11.594Z"}
{"level":"info","message":"::1 - - [04/Jun/2018:08:49:11 +0000] \"GET /user HTTP/1.1\" 304 -\n","timestamp":"2018-06-04T08:49:11.600Z"}
{"level":"info","message":"::1 - - [04/Jun/2018:08:49:31 +0000] \"OPTIONS /token HTTP/1.1\" 204 -\n","timestamp":"2018-06-04T08:49:31.803Z"}
{"level":"info","message":"[Mon Jun 04 2018 05:49:31 GMT-0300 (BRT)] Executing (default): SELECT `id`, `name`, `password`, `email`, `created_at`, `updated_at` FROM `Users` AS `Users` WHERE `Users`.`email` = 'gabs@mail.net' LIMIT 1;","timestamp":"2018-06-04T08:49:31.811Z"}
{"level":"info","message":"::1 - - [04/Jun/2018:08:49:31 +0000] \"POST /token HTTP/1.1\" 200 112\n","timestamp":"2018-06-04T08:49:31.981Z"}
{"level":"info","message":"::1 - - [04/Jun/2018:08:49:32 +0000] \"OPTIONS /tasks HTTP/1.1\" 204 -\n","timestamp":"2018-06-04T08:49:32.000Z"}
{"level":"info","message":"[Mon Jun 04 2018 05:49:32 GMT-0300 (BRT)] Executing (default): SELECT `id`, `name`, `password`, `email`, `created_at`, `updated_at` FROM `Users` AS `Users` WHERE `Users`.`id` = 82;","timestamp":"2018-06-04T08:49:32.018Z"}
{"level":"info","message":"[Mon Jun 04 2018 05:49:32 GMT-0300 (BRT)] Executing (default): SELECT `id`, `title`, `done`, `created_at`, `updated_at`, `user_id` FROM `Tasks` AS `Tasks` WHERE `Tasks`.`user_id` = 82;","timestamp":"2018-06-04T08:49:32.023Z"}
{"level":"info","message":"::1 - - [04/Jun/2018:08:49:32 +0000] \"GET /tasks HTTP/1.1\" 304 -\n","timestamp":"2018-06-04T08:49:32.031Z"}
{"level":"info","message":"::1 - - [04/Jun/2018:08:49:52 +0000] \"OPTIONS /user HTTP/1.1\" 204 -\n","timestamp":"2018-06-04T08:49:52.759Z"}
{"level":"info","message":"[Mon Jun 04 2018 05:49:52 GMT-0300 (BRT)] Executing (default): SELECT `id`, `name`, `password`, `email`, `created_at`, `updated_at` FROM `Users` AS `Users` WHERE `Users`.`id` = 82;","timestamp":"2018-06-04T08:49:52.797Z"}
{"level":"info","message":"[Mon Jun 04 2018 05:49:52 GMT-0300 (BRT)] Executing (default): SELECT `id`, `name`, `email` FROM `Users` AS `Users` WHERE `Users`.`id` = 82;","timestamp":"2018-06-04T08:49:52.802Z"}
{"level":"info","message":"::1 - - [04/Jun/2018:08:49:52 +0000] \"GET /user HTTP/1.1\" 304 -\n","timestamp":"2018-06-04T08:49:52.805Z"}
{"level":"info","message":"::1 - - [04/Jun/2018:08:50:01 +0000] \"OPTIONS /token HTTP/1.1\" 204 -\n","timestamp":"2018-06-04T08:50:01.445Z"}
{"level":"info","message":"[Mon Jun 04 2018 05:50:01 GMT-0300 (BRT)] Executing (default): SELECT `id`, `name`, `password`, `email`, `created_at`, `updated_at` FROM `Users` AS `Users` WHERE `Users`.`email` = 'gabs@mail.net' LIMIT 1;","timestamp":"2018-06-04T08:50:01.470Z"}
{"level":"info","message":"::1 - - [04/Jun/2018:08:50:01 +0000] \"POST /token HTTP/1.1\" 200 112\n","timestamp":"2018-06-04T08:50:01.613Z"}
{"level":"info","message":"::1 - - [04/Jun/2018:08:50:01 +0000] \"OPTIONS /tasks HTTP/1.1\" 204 -\n","timestamp":"2018-06-04T08:50:01.622Z"}
{"level":"info","message":"[Mon Jun 04 2018 05:50:01 GMT-0300 (BRT)] Executing (default): SELECT `id`, `name`, `password`, `email`, `created_at`, `updated_at` FROM `Users` AS `Users` WHERE `Users`.`id` = 82;","timestamp":"2018-06-04T08:50:01.634Z"}
{"level":"info","message":"[Mon Jun 04 2018 05:50:01 GMT-0300 (BRT)] Executing (default): SELECT `id`, `title`, `done`, `created_at`, `updated_at`, `user_id` FROM `Tasks` AS `Tasks` WHERE `Tasks`.`user_id` = 82;","timestamp":"2018-06-04T08:50:01.637Z"}
{"level":"info","message":"::1 - - [04/Jun/2018:08:50:01 +0000] \"GET /tasks HTTP/1.1\" 304 -\n","timestamp":"2018-06-04T08:50:01.640Z"}
{"level":"info","message":"::1 - - [04/Jun/2018:08:50:04 +0000] \"OPTIONS /tasks/21 HTTP/1.1\" 204 -\n","timestamp":"2018-06-04T08:50:04.920Z"}
{"level":"info","message":"[Mon Jun 04 2018 05:50:04 GMT-0300 (BRT)] Executing (default): SELECT `id`, `name`, `password`, `email`, `created_at`, `updated_at` FROM `Users` AS `Users` WHERE `Users`.`id` = 82;","timestamp":"2018-06-04T08:50:04.932Z"}
{"level":"info","message":"[Mon Jun 04 2018 05:50:04 GMT-0300 (BRT)] Executing (default): DELETE FROM `Tasks` WHERE `id` = '21' AND `user_id` = 82","timestamp":"2018-06-04T08:50:04.936Z"}
{"level":"info","message":"::1 - - [04/Jun/2018:08:50:05 +0000] \"DELETE /tasks/21 HTTP/1.1\" 204 -\n","timestamp":"2018-06-04T08:50:05.165Z"}
{"level":"info","message":"[Mon Jun 04 2018 05:50:05 GMT-0300 (BRT)] Executing (default): SELECT `id`, `name`, `password`, `email`, `created_at`, `updated_at` FROM `Users` AS `Users` WHERE `Users`.`id` = 82;","timestamp":"2018-06-04T08:50:05.182Z"}
{"level":"info","message":"[Mon Jun 04 2018 05:50:05 GMT-0300 (BRT)] Executing (default): SELECT `id`, `title`, `done`, `created_at`, `updated_at`, `user_id` FROM `Tasks` AS `Tasks` WHERE `Tasks`.`user_id` = 82;","timestamp":"2018-06-04T08:50:05.186Z"}
{"level":"info","message":"::1 - - [04/Jun/2018:08:50:05 +0000] \"GET /tasks HTTP/1.1\" 200 2\n","timestamp":"2018-06-04T08:50:05.193Z"}
{"level":"info","message":"::1 - - [04/Jun/2018:08:50:15 +0000] \"OPTIONS /users HTTP/1.1\" 204 -\n","timestamp":"2018-06-04T08:50:15.585Z"}
{"level":"info","message":"[Mon Jun 04 2018 05:50:15 GMT-0300 (BRT)] Executing (default): INSERT INTO `Users` (`id`,`name`,`password`,`email`,`updated_at`,`created_at`) VALUES (NULL,'bob','$2b$10$CcLBkGOAHodr9JF7d2wvHOfjVturOqmOrpiDU3rPml82dzZ9l4REi','bob@mail.net','2018-06-04 08:50:15.745 +00:00','2018-06-04 08:50:15.745 +00:00');","timestamp":"2018-06-04T08:50:15.747Z"}
{"level":"info","message":"::1 - - [04/Jun/2018:08:50:15 +0000] \"POST /users HTTP/1.1\" 200 236\n","timestamp":"2018-06-04T08:50:15.896Z"}
{"level":"info","message":"::1 - - [04/Jun/2018:08:50:26 +0000] \"OPTIONS /token HTTP/1.1\" 204 -\n","timestamp":"2018-06-04T08:50:26.970Z"}
{"level":"info","message":"[Mon Jun 04 2018 05:50:26 GMT-0300 (BRT)] Executing (default): SELECT `id`, `name`, `password`, `email`, `created_at`, `updated_at` FROM `Users` AS `Users` WHERE `Users`.`email` = 'bob@mai.net' LIMIT 1;","timestamp":"2018-06-04T08:50:26.981Z"}
{"level":"info","message":"::1 - - [04/Jun/2018:08:50:26 +0000] \"POST /token HTTP/1.1\" 401 12\n","timestamp":"2018-06-04T08:50:26.995Z"}
{"level":"info","message":"::1 - - [04/Jun/2018:08:50:35 +0000] \"OPTIONS /token HTTP/1.1\" 204 -\n","timestamp":"2018-06-04T08:50:35.443Z"}
{"level":"info","message":"[Mon Jun 04 2018 05:50:35 GMT-0300 (BRT)] Executing (default): SELECT `id`, `name`, `password`, `email`, `created_at`, `updated_at` FROM `Users` AS `Users` WHERE `Users`.`email` = 'bob@mail.net' LIMIT 1;","timestamp":"2018-06-04T08:50:35.453Z"}
{"level":"info","message":"::1 - - [04/Jun/2018:08:50:35 +0000] \"POST /token HTTP/1.1\" 200 112\n","timestamp":"2018-06-04T08:50:35.611Z"}
{"level":"info","message":"::1 - - [04/Jun/2018:08:50:35 +0000] \"OPTIONS /tasks HTTP/1.1\" 204 -\n","timestamp":"2018-06-04T08:50:35.621Z"}
{"level":"info","message":"[Mon Jun 04 2018 05:50:35 GMT-0300 (BRT)] Executing (default): SELECT `id`, `name`, `password`, `email`, `created_at`, `updated_at` FROM `Users` AS `Users` WHERE `Users`.`id` = 83;","timestamp":"2018-06-04T08:50:35.639Z"}
{"level":"info","message":"[Mon Jun 04 2018 05:50:35 GMT-0300 (BRT)] Executing (default): SELECT `id`, `title`, `done`, `created_at`, `updated_at`, `user_id` FROM `Tasks` AS `Tasks` WHERE `Tasks`.`user_id` = 83;","timestamp":"2018-06-04T08:50:35.641Z"}
{"level":"info","message":"::1 - - [04/Jun/2018:08:50:35 +0000] \"GET /tasks HTTP/1.1\" 304 -\n","timestamp":"2018-06-04T08:50:35.643Z"}
{"level":"info","message":"[Mon Jun 04 2018 05:50:39 GMT-0300 (BRT)] Executing (default): SELECT `id`, `name`, `password`, `email`, `created_at`, `updated_at` FROM `Users` AS `Users` WHERE `Users`.`id` = 83;","timestamp":"2018-06-04T08:50:39.579Z"}
{"level":"info","message":"[Mon Jun 04 2018 05:50:39 GMT-0300 (BRT)] Executing (default): INSERT INTO `Tasks` (`id`,`title`,`done`,`user_id`,`updated_at`,`created_at`) VALUES (NULL,'Teste',0,83,'2018-06-04 08:50:39.584 +00:00','2018-06-04 08:50:39.584 +00:00');","timestamp":"2018-06-04T08:50:39.586Z"}
{"level":"info","message":"::1 - - [04/Jun/2018:08:50:39 +0000] \"POST /tasks HTTP/1.1\" 200 168\n","timestamp":"2018-06-04T08:50:39.714Z"}
{"level":"info","message":"[Mon Jun 04 2018 05:50:39 GMT-0300 (BRT)] Executing (default): SELECT `id`, `name`, `password`, `email`, `created_at`, `updated_at` FROM `Users` AS `Users` WHERE `Users`.`id` = 83;","timestamp":"2018-06-04T08:50:39.725Z"}
{"level":"info","message":"[Mon Jun 04 2018 05:50:39 GMT-0300 (BRT)] Executing (default): SELECT `id`, `title`, `done`, `created_at`, `updated_at`, `user_id` FROM `Tasks` AS `Tasks` WHERE `Tasks`.`user_id` = 83;","timestamp":"2018-06-04T08:50:39.729Z"}
{"level":"info","message":"::1 - - [04/Jun/2018:08:50:39 +0000] \"GET /tasks HTTP/1.1\" 200 204\n","timestamp":"2018-06-04T08:50:39.733Z"}
{"level":"info","message":"::1 - - [04/Jun/2018:08:50:43 +0000] \"OPTIONS /tasks/23 HTTP/1.1\" 204 -\n","timestamp":"2018-06-04T08:50:43.904Z"}
{"level":"info","message":"[Mon Jun 04 2018 05:50:43 GMT-0300 (BRT)] Executing (default): SELECT `id`, `name`, `password`, `email`, `created_at`, `updated_at` FROM `Users` AS `Users` WHERE `Users`.`id` = 83;","timestamp":"2018-06-04T08:50:43.922Z"}
{"level":"info","message":"[Mon Jun 04 2018 05:50:43 GMT-0300 (BRT)] Executing (default): UPDATE `Tasks` SET `done`=1,`updated_at`='2018-06-04 08:50:43.926 +00:00' WHERE `id` = '23' AND `user_id` = 83","timestamp":"2018-06-04T08:50:43.929Z"}
{"level":"info","message":"::1 - - [04/Jun/2018:08:50:44 +0000] \"PUT /tasks/23 HTTP/1.1\" 204 -\n","timestamp":"2018-06-04T08:50:44.062Z"}
{"level":"info","message":"::1 - - [04/Jun/2018:08:50:44 +0000] \"OPTIONS /tasks HTTP/1.1\" 204 -\n","timestamp":"2018-06-04T08:50:44.070Z"}
{"level":"info","message":"[Mon Jun 04 2018 05:50:44 GMT-0300 (BRT)] Executing (default): SELECT `id`, `name`, `password`, `email`, `created_at`, `updated_at` FROM `Users` AS `Users` WHERE `Users`.`id` = 83;","timestamp":"2018-06-04T08:50:44.079Z"}
{"level":"info","message":"[Mon Jun 04 2018 05:50:44 GMT-0300 (BRT)] Executing (default): SELECT `id`, `title`, `done`, `created_at`, `updated_at`, `user_id` FROM `Tasks` AS `Tasks` WHERE `Tasks`.`user_id` = 83;","timestamp":"2018-06-04T08:50:44.082Z"}
{"level":"info","message":"::1 - - [04/Jun/2018:08:50:44 +0000] \"GET /tasks HTTP/1.1\" 200 203\n","timestamp":"2018-06-04T08:50:44.085Z"}
{"level":"info","message":"[Mon Jun 04 2018 05:50:47 GMT-0300 (BRT)] Executing (default): SELECT `id`, `name`, `password`, `email`, `created_at`, `updated_at` FROM `Users` AS `Users` WHERE `Users`.`id` = 83;","timestamp":"2018-06-04T08:50:47.271Z"}
{"level":"info","message":"[Mon Jun 04 2018 05:50:47 GMT-0300 (BRT)] Executing (default): DELETE FROM `Tasks` WHERE `id` = '23' AND `user_id` = 83","timestamp":"2018-06-04T08:50:47.275Z"}
{"level":"info","message":"::1 - - [04/Jun/2018:08:50:47 +0000] \"DELETE /tasks/23 HTTP/1.1\" 204 -\n","timestamp":"2018-06-04T08:50:47.415Z"}
{"level":"info","message":"[Mon Jun 04 2018 05:50:47 GMT-0300 (BRT)] Executing (default): SELECT `id`, `name`, `password`, `email`, `created_at`, `updated_at` FROM `Users` AS `Users` WHERE `Users`.`id` = 83;","timestamp":"2018-06-04T08:50:47.429Z"}
{"level":"info","message":"[Mon Jun 04 2018 05:50:47 GMT-0300 (BRT)] Executing (default): SELECT `id`, `title`, `done`, `created_at`, `updated_at`, `user_id` FROM `Tasks` AS `Tasks` WHERE `Tasks`.`user_id` = 83;","timestamp":"2018-06-04T08:50:47.433Z"}
{"level":"info","message":"::1 - - [04/Jun/2018:08:50:47 +0000] \"GET /tasks HTTP/1.1\" 200 2\n","timestamp":"2018-06-04T08:50:47.436Z"}
{"level":"info","message":"::1 - - [04/Jun/2018:08:50:54 +0000] \"OPTIONS /token HTTP/1.1\" 204 -\n","timestamp":"2018-06-04T08:50:54.398Z"}
{"level":"info","message":"[Mon Jun 04 2018 05:50:54 GMT-0300 (BRT)] Executing (default): SELECT `id`, `name`, `password`, `email`, `created_at`, `updated_at` FROM `Users` AS `Users` WHERE `Users`.`email` = 'gabs@mail.net' LIMIT 1;","timestamp":"2018-06-04T08:50:54.410Z"}
{"level":"info","message":"::1 - - [04/Jun/2018:08:50:54 +0000] \"POST /token HTTP/1.1\" 200 112\n","timestamp":"2018-06-04T08:50:54.549Z"}
{"level":"info","message":"::1 - - [04/Jun/2018:08:50:54 +0000] \"OPTIONS /tasks HTTP/1.1\" 204 -\n","timestamp":"2018-06-04T08:50:54.567Z"}
{"level":"info","message":"[Mon Jun 04 2018 05:50:54 GMT-0300 (BRT)] Executing (default): SELECT `id`, `name`, `password`, `email`, `created_at`, `updated_at` FROM `Users` AS `Users` WHERE `Users`.`id` = 82;","timestamp":"2018-06-04T08:50:54.578Z"}
{"level":"info","message":"[Mon Jun 04 2018 05:50:54 GMT-0300 (BRT)] Executing (default): SELECT `id`, `title`, `done`, `created_at`, `updated_at`, `user_id` FROM `Tasks` AS `Tasks` WHERE `Tasks`.`user_id` = 82;","timestamp":"2018-06-04T08:50:54.581Z"}
{"level":"info","message":"::1 - - [04/Jun/2018:08:50:54 +0000] \"GET /tasks HTTP/1.1\" 304 -\n","timestamp":"2018-06-04T08:50:54.585Z"}
{"level":"info","message":"[Mon Jun 04 2018 05:50:58 GMT-0300 (BRT)] Executing (default): SELECT `id`, `name`, `password`, `email`, `created_at`, `updated_at` FROM `Users` AS `Users` WHERE `Users`.`id` = 82;","timestamp":"2018-06-04T08:50:58.366Z"}
{"level":"info","message":"[Mon Jun 04 2018 05:50:58 GMT-0300 (BRT)] Executing (default): INSERT INTO `Tasks` (`id`,`title`,`done`,`user_id`,`updated_at`,`created_at`) VALUES (NULL,'TEste',0,82,'2018-06-04 08:50:58.378 +00:00','2018-06-04 08:50:58.378 +00:00');","timestamp":"2018-06-04T08:50:58.381Z"}
{"level":"info","message":"::1 - - [04/Jun/2018:08:50:58 +0000] \"POST /tasks HTTP/1.1\" 200 168\n","timestamp":"2018-06-04T08:50:58.480Z"}
{"level":"info","message":"[Mon Jun 04 2018 05:50:58 GMT-0300 (BRT)] Executing (default): SELECT `id`, `name`, `password`, `email`, `created_at`, `updated_at` FROM `Users` AS `Users` WHERE `Users`.`id` = 82;","timestamp":"2018-06-04T08:50:58.493Z"}
{"level":"info","message":"[Mon Jun 04 2018 05:50:58 GMT-0300 (BRT)] Executing (default): SELECT `id`, `title`, `done`, `created_at`, `updated_at`, `user_id` FROM `Tasks` AS `Tasks` WHERE `Tasks`.`user_id` = 82;","timestamp":"2018-06-04T08:50:58.498Z"}
{"level":"info","message":"::1 - - [04/Jun/2018:08:50:58 +0000] \"GET /tasks HTTP/1.1\" 200 204\n","timestamp":"2018-06-04T08:50:58.506Z"}
{"level":"info","message":"::1 - - [04/Jun/2018:08:51:05 +0000] \"OPTIONS /token HTTP/1.1\" 204 -\n","timestamp":"2018-06-04T08:51:05.528Z"}
{"level":"info","message":"[Mon Jun 04 2018 05:51:05 GMT-0300 (BRT)] Executing (default): SELECT `id`, `name`, `password`, `email`, `created_at`, `updated_at` FROM `Users` AS `Users` WHERE `Users`.`email` = 'bob@mail.net' LIMIT 1;","timestamp":"2018-06-04T08:51:05.547Z"}
{"level":"info","message":"::1 - - [04/Jun/2018:08:51:05 +0000] \"POST /token HTTP/1.1\" 200 112\n","timestamp":"2018-06-04T08:51:05.699Z"}
{"level":"info","message":"::1 - - [04/Jun/2018:08:51:05 +0000] \"OPTIONS /tasks HTTP/1.1\" 204 -\n","timestamp":"2018-06-04T08:51:05.723Z"}
{"level":"info","message":"[Mon Jun 04 2018 05:51:05 GMT-0300 (BRT)] Executing (default): SELECT `id`, `name`, `password`, `email`, `created_at`, `updated_at` FROM `Users` AS `Users` WHERE `Users`.`id` = 83;","timestamp":"2018-06-04T08:51:05.738Z"}
{"level":"info","message":"[Mon Jun 04 2018 05:51:05 GMT-0300 (BRT)] Executing (default): SELECT `id`, `title`, `done`, `created_at`, `updated_at`, `user_id` FROM `Tasks` AS `Tasks` WHERE `Tasks`.`user_id` = 83;","timestamp":"2018-06-04T08:51:05.743Z"}
{"level":"info","message":"::1 - - [04/Jun/2018:08:51:05 +0000] \"GET /tasks HTTP/1.1\" 200 2\n","timestamp":"2018-06-04T08:51:05.745Z"}
{"level":"info","message":"::1 - - [04/Jun/2018:08:51:06 +0000] \"OPTIONS /user HTTP/1.1\" 204 -\n","timestamp":"2018-06-04T08:51:06.889Z"}
{"level":"info","message":"[Mon Jun 04 2018 05:51:06 GMT-0300 (BRT)] Executing (default): SELECT `id`, `name`, `password`, `email`, `created_at`, `updated_at` FROM `Users` AS `Users` WHERE `Users`.`id` = 83;","timestamp":"2018-06-04T08:51:06.902Z"}
{"level":"info","message":"[Mon Jun 04 2018 05:51:06 GMT-0300 (BRT)] Executing (default): SELECT `id`, `name`, `email` FROM `Users` AS `Users` WHERE `Users`.`id` = 83;","timestamp":"2018-06-04T08:51:06.907Z"}
{"level":"info","message":"::1 - - [04/Jun/2018:08:51:06 +0000] \"GET /user HTTP/1.1\" 200 64\n","timestamp":"2018-06-04T08:51:06.910Z"}
{"level":"info","message":"::1 - - [04/Jun/2018:08:51:16 +0000] \"OPTIONS /token HTTP/1.1\" 204 -\n","timestamp":"2018-06-04T08:51:16.562Z"}
{"level":"info","message":"[Mon Jun 04 2018 05:51:16 GMT-0300 (BRT)] Executing (default): SELECT `id`, `name`, `password`, `email`, `created_at`, `updated_at` FROM `Users` AS `Users` WHERE `Users`.`email` = 'gabs@mail.net' LIMIT 1;","timestamp":"2018-06-04T08:51:16.574Z"}
{"level":"info","message":"::1 - - [04/Jun/2018:08:51:16 +0000] \"POST /token HTTP/1.1\" 200 112\n","timestamp":"2018-06-04T08:51:16.751Z"}
{"level":"info","message":"::1 - - [04/Jun/2018:08:51:16 +0000] \"OPTIONS /tasks HTTP/1.1\" 204 -\n","timestamp":"2018-06-04T08:51:16.760Z"}
{"level":"info","message":"[Mon Jun 04 2018 05:51:16 GMT-0300 (BRT)] Executing (default): SELECT `id`, `name`, `password`, `email`, `created_at`, `updated_at` FROM `Users` AS `Users` WHERE `Users`.`id` = 82;","timestamp":"2018-06-04T08:51:16.779Z"}
{"level":"info","message":"[Mon Jun 04 2018 05:51:16 GMT-0300 (BRT)] Executing (default): SELECT `id`, `title`, `done`, `created_at`, `updated_at`, `user_id` FROM `Tasks` AS `Tasks` WHERE `Tasks`.`user_id` = 82;","timestamp":"2018-06-04T08:51:16.782Z"}
{"level":"info","message":"::1 - - [04/Jun/2018:08:51:16 +0000] \"GET /tasks HTTP/1.1\" 200 204\n","timestamp":"2018-06-04T08:51:16.785Z"}
